<?xml version="1.0" encoding="UTF-8"?>
<testsuite xmlns:xsi="http://www.w3.org/2001/XMLSchema-instance" xsi:noNamespaceSchemaLocation="https://maven.apache.org/surefire/maven-surefire-plugin/xsd/surefire-test-report-3.0.xsd" version="3.0" name="com.example.ToDoList.controller.TareaControllerTest" time="5.924" tests="4" errors="0" skipped="0" failures="0">
  <properties>
[...]
</properties>
  <testcase name="test2_ListarTodasLasTareas" classname="com.example.ToDoList.controller.TareaControllerTest" time="0.042">
    <system-out><![CDATA[09:48:48.674 [main] INFO org.springframework.test.context.support.AnnotationConfigContextLoaderUtils -- Could not detect default configuration classes for test class [com.example.ToDoList.controller.TareaControllerTest]: TareaControllerTest does not declare any static, non-private, non-final, nested classes annotated with @Configuration.
09:48:48.777 [main] INFO org.springframework.boot.test.context.SpringBootTestContextBootstrapper -- Found @SpringBootConfiguration com.example.ToDoList.ToDoListApplication for test class com.example.ToDoList.controller.TareaControllerTest

  .   ____          _            __ _ _
 /\\ / ___'_ __ _ _(_)_ __  __ _ \ \ \ \
( ( )\___ | '_ | '_| | '_ \/ _` | \ \ \ \
 \\/  ___)| |_)| | | | | || (_| |  ) ) ) )
  '  |____| .__|_| |_|_| |_\__, | / / / /
 =========|_|==============|___/=/_/_/_/
 :: Spring Boot ::                (v3.2.5)

2026-07-02T09:48:49.072-04:00  INFO 32888 --- [           main] c.e.T.controller.TareaControllerTest     : Starting TareaControllerTest using Java 21.0.10 with PID 32888 (started by SJ-Alumno in C:\Users\sj-alumno\Desktop\ddd\todolist)
2026-07-02T09:48:49.073-04:00  INFO 32888 --- [           main] c.e.T.controller.TareaControllerTest     : No active profile set, falling back to 1 default profile: "default"
2026-07-02T09:48:49.930-04:00  INFO 32888 --- [           main] .s.d.r.c.RepositoryConfigurationDelegate : Bootstrapping Spring Data JPA repositories in DEFAULT mode.
2026-07-02T09:48:50.047-04:00  INFO 32888 --- [           main] .s.d.r.c.RepositoryConfigurationDelegate : Finished Spring Data repository scanning in 107 ms. Found 2 JPA repository interfaces.
2026-07-02T09:48:51.615-04:00  INFO 32888 --- [           main] o.hibernate.jpa.internal.util.LogHelper  : HHH000204: Processing PersistenceUnitInfo [name: default]
2026-07-02T09:48:51.691-04:00  INFO 32888 --- [           main] org.hibernate.Version                    : HHH000412: Hibernate ORM core version 6.4.4.Final
2026-07-02T09:48:51.716-04:00  INFO 32888 --- [           main] o.h.c.internal.RegionFactoryInitiator    : HHH000026: Second-level cache disabled
2026-07-02T09:48:51.826-04:00  INFO 32888 --- [           main] o.s.o.j.p.SpringPersistenceUnitInfo      : No LoadTimeWeaver setup: ignoring JPA class transformer
2026-07-02T09:48:51.848-04:00  INFO 32888 --- [           main] com.zaxxer.hikari.HikariDataSource       : HikariPool-1 - Starting...
2026-07-02T09:48:51.996-04:00  INFO 32888 --- [           main] com.zaxxer.hikari.pool.HikariPool        : HikariPool-1 - Added connection conn0: url=jdbc:h2:mem:todolist_test user=SA
2026-07-02T09:48:51.997-04:00  INFO 32888 --- [           main] com.zaxxer.hikari.HikariDataSource       : HikariPool-1 - Start completed.
2026-07-02T09:48:52.013-04:00  WARN 32888 --- [           main] org.hibernate.orm.deprecation            : HHH90000025: H2Dialect does not need to be specified explicitly using 'hibernate.dialect' (remove the property setting and it will be selected by default)
2026-07-02T09:48:52.601-04:00  INFO 32888 --- [           main] o.h.e.t.j.p.i.JtaPlatformInitiator       : HHH000489: No JTA platform available (set 'hibernate.transaction.jta.platform' to enable JTA platform integration)
2026-07-02T09:48:52.632-04:00  INFO 32888 --- [           main] j.LocalContainerEntityManagerFactoryBean : Initialized JPA EntityManagerFactory for persistence unit 'default'
2026-07-02T09:48:53.470-04:00  WARN 32888 --- [           main] JpaBaseConfiguration$JpaWebConfiguration : spring.jpa.open-in-view is enabled by default. Therefore, database queries may be performed during view rendering. Explicitly configure spring.jpa.open-in-view to disable this warning
2026-07-02T09:48:53.871-04:00  INFO 32888 --- [           main] o.s.s.web.DefaultSecurityFilterChain     : Will secure any request with [org.springframework.security.web.session.DisableEncodeUrlFilter@2c4142f8, org.springframework.security.web.context.request.async.WebAsyncManagerIntegrationFilter@7ef8cfbb, org.springframework.security.web.context.SecurityContextHolderFilter@5fe7454c, org.springframework.security.web.header.HeaderWriterFilter@66b9f727, org.springframework.web.filter.CorsFilter@17d3bf09, org.springframework.security.web.authentication.logout.LogoutFilter@7cba8293, com.example.ToDoList.security.JwtFilter@5ff8d76f, org.springframework.security.web.savedrequest.RequestCacheAwareFilter@297db6ad, org.springframework.security.web.servletapi.SecurityContextHolderAwareRequestFilter@71c1e70f, org.springframework.security.web.authentication.AnonymousAuthenticationFilter@a49995f, org.springframework.security.web.session.SessionManagementFilter@76958827, org.springframework.security.web.access.ExceptionTranslationFilter@498d7c57, org.springframework.security.web.access.intercept.AuthorizationFilter@2ca8bd50]
2026-07-02T09:48:54.369-04:00  INFO 32888 --- [           main] c.e.T.controller.TareaControllerTest     : Started TareaControllerTest in 5.478 seconds (process running for 6.321)
2026-07-02T09:48:54.420-04:00  INFO 32888 --- [           main] c.e.ToDoList.controller.TareaController  : [TareaController] -> Petición GET para listar todas las tareas.
]]></system-out>
    <system-err><![CDATA[WARNING: A Java agent has been loaded dynamically (C:\Users\sj-alumno\.m2\repository\net\bytebuddy\byte-buddy-agent\1.14.13\byte-buddy-agent-1.14.13.jar)
WARNING: If a serviceability tool is in use, please run with -XX:+EnableDynamicAgentLoading to hide this warning
WARNING: If a serviceability tool is not in use, please run with -Djdk.instrument.traceUsage for more information
WARNING: Dynamic loading of agents will be disallowed by default in a future release
]]></system-err>
  </testcase>
  <testcase name="test4_ObtenerTareaPorIdInexistente" classname="com.example.ToDoList.controller.TareaControllerTest" time="0.006">
    <system-out><![CDATA[2026-07-02T09:48:54.436-04:00  INFO 32888 --- [           main] c.e.ToDoList.controller.TareaController  : [TareaController] -> Petición GET para buscar tarea con ID: 99
]]></system-out>
  </testcase>
  <testcase name="test1_CrearTareaExitosamente" classname="com.example.ToDoList.controller.TareaControllerTest" time="0.005">
    <system-out><![CDATA[2026-07-02T09:48:54.443-04:00  INFO 32888 --- [           main] c.e.ToDoList.controller.TareaController  : [TareaController] -> Petición POST para crear una tarea: Estudiar Spring Security
]]></system-out>
  </testcase>
  <testcase name="test3_ObtenerTareaPorIdExistente" classname="com.example.ToDoList.controller.TareaControllerTest" time="0.004">
    <system-out><![CDATA[2026-07-02T09:48:54.447-04:00  INFO 32888 --- [           main] c.e.ToDoList.controller.TareaController  : [TareaController] -> Petición GET para buscar tarea con ID: 5
]]></system-out>
  </testcase>
</testsuite>